<?xml version="1.0" encoding="UTF-8"?>
<!-- Generated by org.testng.reporters.JUnitXMLReporter -->
<testsuite ignored="0" hostname="Sharma_Amit" failures="0" tests="2" name="Default test" time="3.656" errors="0" timestamp="2024-09-26T04:24:08 IST">
  <testcase classname="FakeUserAPITests.UpdateUserFakeAPITest" name="createUserTest_LombokBuilder" time="2.96"/>
  <testcase classname="FakeUserAPITests.UpdateUserFakeAPITest" name="createUserTest_LombokPOJO" time="0.643"/>
</testsuite> <!-- Default test -->
